mode = n =20 k = 12 

LOC 

LOC matches = 783, no_matches = 395 ,present = 1234, precision = 0.66, recall = 0.63, f1_score = 0.64  

PUNT matches = 10, no_matches = 13,present = 52, precision = 0.43, recall = 0.19, f1_score = 0.26 

LIJN matches = 2, no_matches = 2,present = 28, precision = 0.5, recall = 0.07, f1_score = 0.12 

BC matches = 234, no_matches = 109,present = 346, precision = 0.68, recall = 0.68, f1_score = 0.68 

WATER matches = 15, no_matches = 3,present = 33, precision = 0.83, recall = 0.45, f1_score = 0.58 

REGIO matches = 108, no_matches = 11,present = 259, precision = 0.91, recall = 0.42, f1_score = 0.57 

FICTIEF matches = 0, no_matches = 73,present = 0, precision = 0.0, recall = 1, f1_score = 0.0 

LAND matches = 410, no_matches = 132,present = 494, precision = 0.76, recall = 0.83, f1_score = 0.79 

CONT matches = 0, no_matches = 27,present = 18, precision = 0.0, recall = 0.0, f1_score = 0 

HEELAL matches = 4, no_matches = 25,present = 4, precision = 0.14, recall = 1.0, f1_score = 0.25 


 ORG 

ORG matches = 311, no_matches = 129,present = 474, precision = 0.71, recall = 0.66, f1_score = 0.68 

MISC matches = 227, no_matches = 63,present = 317, precision = 0.78, recall = 0.72, f1_score = 0.75 

COM matches = 18, no_matches = 6,present = 58, precision = 0.75, recall = 0.31, f1_score = 0.44 

GOV matches = 66, no_matches = 60,present = 99, precision = 0.52, recall = 0.67, f1_score = 0.59 

90

 For LateX n = 5 k = 12
LOC overall & 783 & 395 & 1234 & 0.66 & 0.63 & 0.64  

POINT & 10 & 13 & 52 & 0.43 & 0.19 & 0.26  

LINE & 2 & 2 & 28 & 0.5 & 0.07 & 0.12  

PC & 234 & 109 & 346 & 0.68 & 0.68 & 0.68  

WATER & 15 & 3 & 33 & 0.83 & 0.45 & 0.58  

REGION & 108 & 11 & 259 & 0.91 & 0.42 & 0.57  

FICTION & 0 & 73 & 0 & 0.0 & 1 & 0.0  

COUNTRY & 410 & 132 & 494 & 0.76 & 0.83 & 0.79  

CONTINENT & 0 & 27 & 18 & 0.0 & 0.0 & 0  

COSMOS & 4 & 25 & 4 & 0.14 & 1.0 & 0.25  

ORG overall & 311 & 129 & 474 & 0.71 & 0.66 & 0.68  

MISC & 227 & 63 & 317 & 0.78 & 0.72 & 0.75  

COMPANY &  18 & 6 & 58 & 0.75 & 0.31 & 0.44  

GOVERNMENT & 66 & 60 & 99 & 0.52 & 0.67 & 0.59  

