mode = n =20 k = 12 

LOC 

LOC matches = 774, no_matches = 417 ,present = 1234, precision = 0.65, recall = 0.63, f1_score = 0.64  

PUNT matches = 6, no_matches = 13,present = 52, precision = 0.32, recall = 0.12, f1_score = 0.17 

LIJN matches = 2, no_matches = 5,present = 28, precision = 0.29, recall = 0.07, f1_score = 0.11 

BC matches = 244, no_matches = 156,present = 346, precision = 0.61, recall = 0.71, f1_score = 0.66 

WATER matches = 14, no_matches = 11,present = 33, precision = 0.56, recall = 0.42, f1_score = 0.48 

REGIO matches = 129, no_matches = 56,present = 259, precision = 0.7, recall = 0.5, f1_score = 0.58 

FICTIEF matches = 0, no_matches = 33,present = 0, precision = 0.0, recall = 1, f1_score = 0.0 

LAND matches = 375, no_matches = 96,present = 494, precision = 0.8, recall = 0.76, f1_score = 0.78 

CONT matches = 0, no_matches = 35,present = 18, precision = 0.0, recall = 0.0, f1_score = 0 

HEELAL matches = 4, no_matches = 12,present = 4, precision = 0.25, recall = 1.0, f1_score = 0.4 


 ORG 

ORG matches = 279, no_matches = 163,present = 474, precision = 0.63, recall = 0.59, f1_score = 0.61 

MISC matches = 193, no_matches = 58,present = 317, precision = 0.77, recall = 0.61, f1_score = 0.68 

COM matches = 16, no_matches = 13,present = 58, precision = 0.55, recall = 0.28, f1_score = 0.37 

GOV matches = 70, no_matches = 92,present = 99, precision = 0.43, recall = 0.71, f1_score = 0.54 

75

 For LateX n = 5 k = 12
LOC overall & 774 & 417 & 1234 & 0.65 & 0.63 & 0.64  

POINT & 6 & 13 & 52 & 0.32 & 0.12 & 0.17  

LINE & 2 & 5 & 28 & 0.29 & 0.07 & 0.11  

PC & 244 & 156 & 346 & 0.61 & 0.71 & 0.66  

WATER & 14 & 11 & 33 & 0.56 & 0.42 & 0.48  

REGION & 129 & 56 & 259 & 0.7 & 0.5 & 0.58  

FICTION & 0 & 33 & 0 & 0.0 & 1 & 0.0  

COUNTRY & 375 & 96 & 494 & 0.8 & 0.76 & 0.78  

CONTINENT & 0 & 35 & 18 & 0.0 & 0.0 & 0  

COSMOS & 4 & 12 & 4 & 0.25 & 1.0 & 0.4  

ORG overall & 279 & 163 & 474 & 0.63 & 0.59 & 0.61  

MISC & 193 & 58 & 317 & 0.77 & 0.61 & 0.68  

COMPANY &  16 & 13 & 58 & 0.55 & 0.28 & 0.37  

GOVERNMENT & 70 & 92 & 99 & 0.43 & 0.71 & 0.54  

