mode = n =20 k = 12 

LOC 

LOC matches = 764, no_matches = 434 ,present = 1234, precision = 0.64, recall = 0.62, f1_score = 0.63  

PUNT matches = 6, no_matches = 17,present = 52, precision = 0.26, recall = 0.12, f1_score = 0.16 

LIJN matches = 2, no_matches = 2,present = 28, precision = 0.5, recall = 0.07, f1_score = 0.12 

BC matches = 250, no_matches = 148,present = 346, precision = 0.63, recall = 0.72, f1_score = 0.67 

WATER matches = 14, no_matches = 7,present = 33, precision = 0.67, recall = 0.42, f1_score = 0.52 

REGIO matches = 107, no_matches = 19,present = 259, precision = 0.85, recall = 0.41, f1_score = 0.55 

FICTIEF matches = 0, no_matches = 17,present = 0, precision = 0.0, recall = 1, f1_score = 0.0 

LAND matches = 381, no_matches = 214,present = 494, precision = 0.64, recall = 0.77, f1_score = 0.7 

CONT matches = 0, no_matches = 5,present = 18, precision = 0.0, recall = 0.0, f1_score = 0 

HEELAL matches = 4, no_matches = 5,present = 4, precision = 0.44, recall = 1.0, f1_score = 0.61 


 ORG 

ORG matches = 241, no_matches = 192,present = 474, precision = 0.56, recall = 0.51, f1_score = 0.53 

MISC matches = 145, no_matches = 46,present = 317, precision = 0.76, recall = 0.46, f1_score = 0.57 

COM matches = 27, no_matches = 43,present = 58, precision = 0.39, recall = 0.47, f1_score = 0.43 

GOV matches = 69, no_matches = 103,present = 99, precision = 0.4, recall = 0.7, f1_score = 0.51 

77

 For LateX n = 5 k = 12
LOC overall & 764 & 434 & 1234 & 0.64 & 0.62 & 0.63  

POINT & 6 & 17 & 52 & 0.26 & 0.12 & 0.16  

LINE & 2 & 2 & 28 & 0.5 & 0.07 & 0.12  

PC & 250 & 148 & 346 & 0.63 & 0.72 & 0.67  

WATER & 14 & 7 & 33 & 0.67 & 0.42 & 0.52  

REGION & 107 & 19 & 259 & 0.85 & 0.41 & 0.55  

FICTION & 0 & 17 & 0 & 0.0 & 1 & 0.0  

COUNTRY & 381 & 214 & 494 & 0.64 & 0.77 & 0.7  

CONTINENT & 0 & 5 & 18 & 0.0 & 0.0 & 0  

COSMOS & 4 & 5 & 4 & 0.44 & 1.0 & 0.61  

ORG overall & 241 & 192 & 474 & 0.56 & 0.51 & 0.53  

MISC & 145 & 46 & 317 & 0.76 & 0.46 & 0.57  

COMPANY &  27 & 43 & 58 & 0.39 & 0.47 & 0.43  

GOVERNMENT & 69 & 103 & 99 & 0.4 & 0.7 & 0.51  

