mode = n =20 k = 12 

LOC 

LOC matches = 742, no_matches = 413 ,present = 1234, precision = 0.64, recall = 0.6, f1_score = 0.62  

PUNT matches = 5, no_matches = 19,present = 52, precision = 0.21, recall = 0.1, f1_score = 0.14 

LIJN matches = 3, no_matches = 35,present = 28, precision = 0.08, recall = 0.11, f1_score = 0.09 

BC matches = 226, no_matches = 121,present = 346, precision = 0.65, recall = 0.65, f1_score = 0.65 

WATER matches = 19, no_matches = 41,present = 33, precision = 0.32, recall = 0.58, f1_score = 0.41 

REGIO matches = 123, no_matches = 26,present = 259, precision = 0.83, recall = 0.47, f1_score = 0.6 

FICTIEF matches = 0, no_matches = 4,present = 0, precision = 0.0, recall = 1, f1_score = 0.0 

LAND matches = 362, no_matches = 94,present = 494, precision = 0.79, recall = 0.73, f1_score = 0.76 

CONT matches = 0, no_matches = 3,present = 18, precision = 0.0, recall = 0.0, f1_score = 0 

HEELAL matches = 4, no_matches = 70,present = 4, precision = 0.05, recall = 1.0, f1_score = 0.1 


 ORG 

ORG matches = 234, no_matches = 185,present = 474, precision = 0.56, recall = 0.49, f1_score = 0.52 

MISC matches = 145, no_matches = 36,present = 317, precision = 0.8, recall = 0.46, f1_score = 0.58 

COM matches = 14, no_matches = 9,present = 58, precision = 0.61, recall = 0.24, f1_score = 0.34 

GOV matches = 75, no_matches = 140,present = 99, precision = 0.35, recall = 0.76, f1_score = 0.48 

133

 For LateX n = 5 k = 12
LOC overall & 742 & 413 & 1234 & 0.64 & 0.6 & 0.62  

POINT & 5 & 19 & 52 & 0.21 & 0.1 & 0.14  

LINE & 3 & 35 & 28 & 0.08 & 0.11 & 0.09  

PC & 226 & 121 & 346 & 0.65 & 0.65 & 0.65  

WATER & 19 & 41 & 33 & 0.32 & 0.58 & 0.41  

REGION & 123 & 26 & 259 & 0.83 & 0.47 & 0.6  

FICTION & 0 & 4 & 0 & 0.0 & 1 & 0.0  

COUNTRY & 362 & 94 & 494 & 0.79 & 0.73 & 0.76  

CONTINENT & 0 & 3 & 18 & 0.0 & 0.0 & 0  

COSMOS & 4 & 70 & 4 & 0.05 & 1.0 & 0.1  

ORG overall & 234 & 185 & 474 & 0.56 & 0.49 & 0.52  

MISC & 145 & 36 & 317 & 0.8 & 0.46 & 0.58  

COMPANY &  14 & 9 & 58 & 0.61 & 0.24 & 0.34  

GOVERNMENT & 75 & 140 & 99 & 0.35 & 0.76 & 0.48  

