mode = n =20 k = 12 

LOC 

LOC matches = 796, no_matches = 370 ,present = 1234, precision = 0.68, recall = 0.65, f1_score = 0.66  

PUNT matches = 11, no_matches = 20,present = 52, precision = 0.35, recall = 0.21, f1_score = 0.26 

LIJN matches = 7, no_matches = 11,present = 28, precision = 0.39, recall = 0.25, f1_score = 0.3 

BC matches = 233, no_matches = 113,present = 346, precision = 0.67, recall = 0.67, f1_score = 0.67 

WATER matches = 24, no_matches = 21,present = 33, precision = 0.53, recall = 0.73, f1_score = 0.61 

REGIO matches = 131, no_matches = 23,present = 259, precision = 0.85, recall = 0.51, f1_score = 0.64 

FICTIEF matches = 0, no_matches = 21,present = 0, precision = 0.0, recall = 1, f1_score = 0.0 

LAND matches = 385, no_matches = 137,present = 494, precision = 0.74, recall = 0.78, f1_score = 0.76 

CONT matches = 1, no_matches = 18,present = 18, precision = 0.05, recall = 0.06, f1_score = 0.05 

HEELAL matches = 4, no_matches = 6,present = 4, precision = 0.4, recall = 1.0, f1_score = 0.57 


 ORG 

ORG matches = 334, no_matches = 121,present = 474, precision = 0.73, recall = 0.7, f1_score = 0.71 

MISC matches = 210, no_matches = 14,present = 317, precision = 0.94, recall = 0.66, f1_score = 0.78 

COM matches = 30, no_matches = 5,present = 58, precision = 0.86, recall = 0.52, f1_score = 0.65 

GOV matches = 94, no_matches = 102,present = 99, precision = 0.48, recall = 0.95, f1_score = 0.64 

87

 For LateX n = 20 k = 12
LOC overall & 796 & 370 & 1234 & 0.68 & 0.65 & 0.66  

POINT & 11 & 20 & 52 & 0.35 & 0.21 & 0.26  

LINE & 7 & 11 & 28 & 0.39 & 0.25 & 0.3  

PC & 233 & 113 & 346 & 0.67 & 0.67 & 0.67  

WATER & 24 & 21 & 33 & 0.53 & 0.73 & 0.61  

REGION & 131 & 23 & 259 & 0.85 & 0.51 & 0.64  

FICTION & 0 & 21 & 0 & 0.0 & 1 & 0.0  

COUNTRY & 385 & 137 & 494 & 0.74 & 0.78 & 0.76  

CONTINENT & 1 & 18 & 18 & 0.05 & 0.06 & 0.05  

COSMOS & 4 & 6 & 4 & 0.4 & 1.0 & 0.57  

ORG overall & 334 & 121 & 474 & 0.73 & 0.7 & 0.71  

MISC & 210 & 14 & 317 & 0.94 & 0.66 & 0.78  

COMPANY &  30 & 5 & 58 & 0.86 & 0.52 & 0.65  

GOVERNMENT & 94 & 102 & 99 & 0.48 & 0.95 & 0.64  

