mode = n =20 k = 12 

LOC 

LOC matches = 838, no_matches = 364 ,present = 1234, precision = 0.7, recall = 0.68, f1_score = 0.69  

PUNT matches = 7, no_matches = 5,present = 52, precision = 0.58, recall = 0.13, f1_score = 0.21 

LIJN matches = 8, no_matches = 9,present = 28, precision = 0.47, recall = 0.29, f1_score = 0.36 

BC matches = 278, no_matches = 147,present = 346, precision = 0.65, recall = 0.8, f1_score = 0.72 

WATER matches = 19, no_matches = 5,present = 33, precision = 0.79, recall = 0.58, f1_score = 0.67 

REGIO matches = 135, no_matches = 25,present = 259, precision = 0.84, recall = 0.52, f1_score = 0.64 

FICTIEF matches = 0, no_matches = 15,present = 0, precision = 0.0, recall = 1, f1_score = 0.0 

LAND matches = 387, no_matches = 134,present = 494, precision = 0.74, recall = 0.78, f1_score = 0.76 

CONT matches = 0, no_matches = 16,present = 18, precision = 0.0, recall = 0.0, f1_score = 0 

HEELAL matches = 4, no_matches = 8,present = 4, precision = 0.33, recall = 1.0, f1_score = 0.5 


 ORG 

ORG matches = 379, no_matches = 85,present = 474, precision = 0.82, recall = 0.8, f1_score = 0.81 

MISC matches = 269, no_matches = 45,present = 317, precision = 0.86, recall = 0.85, f1_score = 0.85 

COM matches = 33, no_matches = 9,present = 58, precision = 0.79, recall = 0.57, f1_score = 0.66 

GOV matches = 77, no_matches = 31,present = 99, precision = 0.71, recall = 0.78, f1_score = 0.74 

42

 For LateX n = 5 k = 12
LOC overall & 838 & 364 & 1234 & 0.7 & 0.68 & 0.69  

POINT & 7 & 5 & 52 & 0.58 & 0.13 & 0.21  

LINE & 8 & 9 & 28 & 0.47 & 0.29 & 0.36  

PC & 278 & 147 & 346 & 0.65 & 0.8 & 0.72  

WATER & 19 & 5 & 33 & 0.79 & 0.58 & 0.67  

REGION & 135 & 25 & 259 & 0.84 & 0.52 & 0.64  

FICTION & 0 & 15 & 0 & 0.0 & 1 & 0.0  

COUNTRY & 387 & 134 & 494 & 0.74 & 0.78 & 0.76  

CONTINENT & 0 & 16 & 18 & 0.0 & 0.0 & 0  

COSMOS & 4 & 8 & 4 & 0.33 & 1.0 & 0.5  

ORG overall & 379 & 85 & 474 & 0.82 & 0.8 & 0.81  

MISC & 269 & 45 & 317 & 0.86 & 0.85 & 0.85  

COMPANY &  33 & 9 & 58 & 0.79 & 0.57 & 0.66  

GOVERNMENT & 77 & 31 & 99 & 0.71 & 0.78 & 0.74  

