mode = n =20 k = 12 

LOC 

LOC matches = 885, no_matches = 310 ,present = 1234, precision = 0.74, recall = 0.72, f1_score = 0.73  

PUNT matches = 6, no_matches = 10,present = 52, precision = 0.38, recall = 0.12, f1_score = 0.18 

LIJN matches = 8, no_matches = 23,present = 28, precision = 0.26, recall = 0.29, f1_score = 0.27 

BC matches = 279, no_matches = 107,present = 346, precision = 0.72, recall = 0.81, f1_score = 0.76 

WATER matches = 20, no_matches = 7,present = 33, precision = 0.74, recall = 0.61, f1_score = 0.67 

REGIO matches = 145, no_matches = 44,present = 259, precision = 0.77, recall = 0.56, f1_score = 0.65 

FICTIEF matches = 0, no_matches = 1,present = 0, precision = 0.0, recall = 1, f1_score = 0.0 

LAND matches = 423, no_matches = 109,present = 494, precision = 0.8, recall = 0.86, f1_score = 0.83 

CONT matches = 0, no_matches = 6,present = 18, precision = 0.0, recall = 0.0, f1_score = 0 

HEELAL matches = 4, no_matches = 3,present = 4, precision = 0.57, recall = 1.0, f1_score = 0.73 


 ORG 

ORG matches = 366, no_matches = 88,present = 474, precision = 0.81, recall = 0.77, f1_score = 0.79 

MISC matches = 255, no_matches = 40,present = 317, precision = 0.86, recall = 0.8, f1_score = 0.83 

COM matches = 33, no_matches = 12,present = 58, precision = 0.73, recall = 0.57, f1_score = 0.64 

GOV matches = 78, no_matches = 36,present = 99, precision = 0.68, recall = 0.79, f1_score = 0.73 

59

 For LateX n = 5 k = 12
LOC overall & 885 & 310 & 1234 & 0.74 & 0.72 & 0.73  

POINT & 6 & 10 & 52 & 0.38 & 0.12 & 0.18  

LINE & 8 & 23 & 28 & 0.26 & 0.29 & 0.27  

PC & 279 & 107 & 346 & 0.72 & 0.81 & 0.76  

WATER & 20 & 7 & 33 & 0.74 & 0.61 & 0.67  

REGION & 145 & 44 & 259 & 0.77 & 0.56 & 0.65  

FICTION & 0 & 1 & 0 & 0.0 & 1 & 0.0  

COUNTRY & 423 & 109 & 494 & 0.8 & 0.86 & 0.83  

CONTINENT & 0 & 6 & 18 & 0.0 & 0.0 & 0  

COSMOS & 4 & 3 & 4 & 0.57 & 1.0 & 0.73  

ORG overall & 366 & 88 & 474 & 0.81 & 0.77 & 0.79  

MISC & 255 & 40 & 317 & 0.86 & 0.8 & 0.83  

COMPANY &  33 & 12 & 58 & 0.73 & 0.57 & 0.64  

GOVERNMENT & 78 & 36 & 99 & 0.68 & 0.79 & 0.73  

