mode = n =20 k = 12 

LOC 

LOC matches = 761, no_matches = 442 ,present = 1234, precision = 0.63, recall = 0.62, f1_score = 0.62  

PUNT matches = 6, no_matches = 9,present = 52, precision = 0.4, recall = 0.12, f1_score = 0.18 

LIJN matches = 2, no_matches = 0,present = 28, precision = 1, recall = 0.07, f1_score = 0.13 

BC matches = 248, no_matches = 148,present = 346, precision = 0.63, recall = 0.72, f1_score = 0.67 

WATER matches = 14, no_matches = 29,present = 33, precision = 0.33, recall = 0.42, f1_score = 0.37 

REGIO matches = 113, no_matches = 20,present = 259, precision = 0.85, recall = 0.44, f1_score = 0.58 

FICTIEF matches = 0, no_matches = 47,present = 0, precision = 0.0, recall = 1, f1_score = 0.0 

LAND matches = 375, no_matches = 145,present = 494, precision = 0.72, recall = 0.76, f1_score = 0.74 

CONT matches = 0, no_matches = 14,present = 18, precision = 0.0, recall = 0.0, f1_score = 0 

HEELAL matches = 3, no_matches = 30,present = 4, precision = 0.09, recall = 0.75, f1_score = 0.16 


 ORG 

ORG matches = 227, no_matches = 185,present = 474, precision = 0.55, recall = 0.48, f1_score = 0.51 

MISC matches = 128, no_matches = 25,present = 317, precision = 0.84, recall = 0.4, f1_score = 0.54 

COM matches = 18, no_matches = 27,present = 58, precision = 0.4, recall = 0.31, f1_score = 0.35 

GOV matches = 81, no_matches = 133,present = 99, precision = 0.38, recall = 0.82, f1_score = 0.52 

93

 For LateX n = 5 k = 12
LOC overall & 761 & 442 & 1234 & 0.63 & 0.62 & 0.62  

POINT & 6 & 9 & 52 & 0.4 & 0.12 & 0.18  

LINE & 2 & 0 & 28 & 1 & 0.07 & 0.13  

PC & 248 & 148 & 346 & 0.63 & 0.72 & 0.67  

WATER & 14 & 29 & 33 & 0.33 & 0.42 & 0.37  

REGION & 113 & 20 & 259 & 0.85 & 0.44 & 0.58  

FICTION & 0 & 47 & 0 & 0.0 & 1 & 0.0  

COUNTRY & 375 & 145 & 494 & 0.72 & 0.76 & 0.74  

CONTINENT & 0 & 14 & 18 & 0.0 & 0.0 & 0  

COSMOS & 3 & 30 & 4 & 0.09 & 0.75 & 0.16  

ORG overall & 227 & 185 & 474 & 0.55 & 0.48 & 0.51  

MISC & 128 & 25 & 317 & 0.84 & 0.4 & 0.54  

COMPANY &  18 & 27 & 58 & 0.4 & 0.31 & 0.35  

GOVERNMENT & 81 & 133 & 99 & 0.38 & 0.82 & 0.52  

