mode = n =20 k = 12 

LOC 

LOC matches = 766, no_matches = 423 ,present = 1234, precision = 0.64, recall = 0.62, f1_score = 0.63  

PUNT matches = 6, no_matches = 4,present = 52, precision = 0.6, recall = 0.12, f1_score = 0.2 

LIJN matches = 13, no_matches = 35,present = 28, precision = 0.27, recall = 0.46, f1_score = 0.34 

BC matches = 229, no_matches = 129,present = 346, precision = 0.64, recall = 0.66, f1_score = 0.65 

WATER matches = 17, no_matches = 38,present = 33, precision = 0.31, recall = 0.52, f1_score = 0.39 

REGIO matches = 114, no_matches = 25,present = 259, precision = 0.82, recall = 0.44, f1_score = 0.57 

FICTIEF matches = 0, no_matches = 44,present = 0, precision = 0.0, recall = 1, f1_score = 0.0 

LAND matches = 383, no_matches = 125,present = 494, precision = 0.75, recall = 0.78, f1_score = 0.76 

CONT matches = 0, no_matches = 10,present = 18, precision = 0.0, recall = 0.0, f1_score = 0 

HEELAL matches = 4, no_matches = 13,present = 4, precision = 0.24, recall = 1.0, f1_score = 0.39 


 ORG 

ORG matches = 258, no_matches = 192,present = 474, precision = 0.57, recall = 0.54, f1_score = 0.55 

MISC matches = 155, no_matches = 40,present = 317, precision = 0.79, recall = 0.49, f1_score = 0.6 

COM matches = 22, no_matches = 20,present = 58, precision = 0.52, recall = 0.38, f1_score = 0.44 

GOV matches = 81, no_matches = 132,present = 99, precision = 0.38, recall = 0.82, f1_score = 0.52 

69

 For LateX n = 5 k = 12
LOC overall & 766 & 423 & 1234 & 0.64 & 0.62 & 0.63  

POINT & 6 & 4 & 52 & 0.6 & 0.12 & 0.2  

LINE & 13 & 35 & 28 & 0.27 & 0.46 & 0.34  

PC & 229 & 129 & 346 & 0.64 & 0.66 & 0.65  

WATER & 17 & 38 & 33 & 0.31 & 0.52 & 0.39  

REGION & 114 & 25 & 259 & 0.82 & 0.44 & 0.57  

FICTION & 0 & 44 & 0 & 0.0 & 1 & 0.0  

COUNTRY & 383 & 125 & 494 & 0.75 & 0.78 & 0.76  

CONTINENT & 0 & 10 & 18 & 0.0 & 0.0 & 0  

COSMOS & 4 & 13 & 4 & 0.24 & 1.0 & 0.39  

ORG overall & 258 & 192 & 474 & 0.57 & 0.54 & 0.55  

MISC & 155 & 40 & 317 & 0.79 & 0.49 & 0.6  

COMPANY &  22 & 20 & 58 & 0.52 & 0.38 & 0.44  

GOVERNMENT & 81 & 132 & 99 & 0.38 & 0.82 & 0.52  

