mode = n =20 k = 12 

LOC 

LOC matches = 718, no_matches = 474 ,present = 1234, precision = 0.6, recall = 0.58, f1_score = 0.59  

PUNT matches = 6, no_matches = 25,present = 52, precision = 0.19, recall = 0.12, f1_score = 0.15 

LIJN matches = 2, no_matches = 6,present = 28, precision = 0.25, recall = 0.07, f1_score = 0.11 

BC matches = 197, no_matches = 128,present = 346, precision = 0.61, recall = 0.57, f1_score = 0.59 

WATER matches = 14, no_matches = 11,present = 33, precision = 0.56, recall = 0.42, f1_score = 0.48 

REGIO matches = 113, no_matches = 21,present = 259, precision = 0.84, recall = 0.44, f1_score = 0.58 

FICTIEF matches = 0, no_matches = 69,present = 0, precision = 0.0, recall = 1, f1_score = 0.0 

LAND matches = 382, no_matches = 199,present = 494, precision = 0.66, recall = 0.77, f1_score = 0.71 

CONT matches = 0, no_matches = 9,present = 18, precision = 0.0, recall = 0.0, f1_score = 0 

HEELAL matches = 4, no_matches = 6,present = 4, precision = 0.4, recall = 1.0, f1_score = 0.57 


 ORG 

ORG matches = 237, no_matches = 186,present = 474, precision = 0.56, recall = 0.5, f1_score = 0.53 

MISC matches = 148, no_matches = 42,present = 317, precision = 0.78, recall = 0.47, f1_score = 0.59 

COM matches = 17, no_matches = 18,present = 58, precision = 0.49, recall = 0.29, f1_score = 0.36 

GOV matches = 72, no_matches = 126,present = 99, precision = 0.36, recall = 0.73, f1_score = 0.48 

93

 For LateX n = 5 k = 12
LOC overall & 718 & 474 & 1234 & 0.6 & 0.58 & 0.59  

POINT & 6 & 25 & 52 & 0.19 & 0.12 & 0.15  

LINE & 2 & 6 & 28 & 0.25 & 0.07 & 0.11  

PC & 197 & 128 & 346 & 0.61 & 0.57 & 0.59  

WATER & 14 & 11 & 33 & 0.56 & 0.42 & 0.48  

REGION & 113 & 21 & 259 & 0.84 & 0.44 & 0.58  

FICTION & 0 & 69 & 0 & 0.0 & 1 & 0.0  

COUNTRY & 382 & 199 & 494 & 0.66 & 0.77 & 0.71  

CONTINENT & 0 & 9 & 18 & 0.0 & 0.0 & 0  

COSMOS & 4 & 6 & 4 & 0.4 & 1.0 & 0.57  

ORG overall & 237 & 186 & 474 & 0.56 & 0.5 & 0.53  

MISC & 148 & 42 & 317 & 0.78 & 0.47 & 0.59  

COMPANY &  17 & 18 & 58 & 0.49 & 0.29 & 0.36  

GOVERNMENT & 72 & 126 & 99 & 0.36 & 0.73 & 0.48  

