mode = n =20 k = 12 

LOC 

LOC matches = 781, no_matches = 421 ,present = 1234, precision = 0.65, recall = 0.63, f1_score = 0.64  

PUNT matches = 7, no_matches = 24,present = 52, precision = 0.23, recall = 0.13, f1_score = 0.17 

LIJN matches = 6, no_matches = 24,present = 28, precision = 0.2, recall = 0.21, f1_score = 0.2 

BC matches = 244, no_matches = 154,present = 346, precision = 0.61, recall = 0.71, f1_score = 0.66 

WATER matches = 14, no_matches = 15,present = 33, precision = 0.48, recall = 0.42, f1_score = 0.45 

REGIO matches = 120, no_matches = 21,present = 259, precision = 0.85, recall = 0.46, f1_score = 0.6 

FICTIEF matches = 0, no_matches = 22,present = 0, precision = 0.0, recall = 1, f1_score = 0.0 

LAND matches = 386, no_matches = 144,present = 494, precision = 0.73, recall = 0.78, f1_score = 0.75 

CONT matches = 0, no_matches = 12,present = 18, precision = 0.0, recall = 0.0, f1_score = 0 

HEELAL matches = 4, no_matches = 5,present = 4, precision = 0.44, recall = 1.0, f1_score = 0.61 


 ORG 

ORG matches = 267, no_matches = 157,present = 474, precision = 0.63, recall = 0.56, f1_score = 0.59 

MISC matches = 184, no_matches = 56,present = 317, precision = 0.77, recall = 0.58, f1_score = 0.66 

COM matches = 16, no_matches = 19,present = 58, precision = 0.46, recall = 0.28, f1_score = 0.35 

GOV matches = 67, no_matches = 82,present = 99, precision = 0.45, recall = 0.68, f1_score = 0.54 

82

 For LateX n = 5 k = 12
LOC overall & 781 & 421 & 1234 & 0.65 & 0.63 & 0.64  

POINT & 7 & 24 & 52 & 0.23 & 0.13 & 0.17  

LINE & 6 & 24 & 28 & 0.2 & 0.21 & 0.2  

PC & 244 & 154 & 346 & 0.61 & 0.71 & 0.66  

WATER & 14 & 15 & 33 & 0.48 & 0.42 & 0.45  

REGION & 120 & 21 & 259 & 0.85 & 0.46 & 0.6  

FICTION & 0 & 22 & 0 & 0.0 & 1 & 0.0  

COUNTRY & 386 & 144 & 494 & 0.73 & 0.78 & 0.75  

CONTINENT & 0 & 12 & 18 & 0.0 & 0.0 & 0  

COSMOS & 4 & 5 & 4 & 0.44 & 1.0 & 0.61  

ORG overall & 267 & 157 & 474 & 0.63 & 0.56 & 0.59  

MISC & 184 & 56 & 317 & 0.77 & 0.58 & 0.66  

COMPANY &  16 & 19 & 58 & 0.46 & 0.28 & 0.35  

GOVERNMENT & 67 & 82 & 99 & 0.45 & 0.68 & 0.54  

